<?xml version="1.0" encoding="UTF-8"?>
<!-- Generated by org.testng.reporters.JUnitReportReporter -->
<testsuite hostname="Igor" failures="0" tests="1" name="com.bay.ta.tests.ShoppingTests" time="15.687" errors="0" timestamp="2022-12-14T17:50:39 MSK" skipped="0">
  <testcase classname="com.bay.ta.tests.ShoppingTests" name="buyingTwoIdenticalPairs" time="15.687"/>
  <system-out/>
</testsuite> <!-- com.bay.ta.tests.ShoppingTests -->
