<?xml version="1.0" encoding="UTF-8"?>
<!-- Generated by org.testng.reporters.JUnitReportReporter -->
<testsuite hostname="Igor" failures="0" tests="1" name="com.bay.ta.tests.FilterTests" time="23.291" errors="0" timestamp="2022-12-14T17:50:39 MSK" skipped="0">
  <testcase classname="com.bay.ta.tests.FilterTests" name="buyingTwoIdenticalPairs" time="23.291"/>
  <system-out/>
</testsuite> <!-- com.bay.ta.tests.FilterTests -->
